Determining if the pthread_create exist failed with the following output:
Change Dir: /home/davide/Scrivania/Ciber/Elaborato_2.1/Ros_pA/OpenIGTLink/build/CMakeFiles/CMakeTmp

Run Build Command:"/usr/bin/make" "cmTC_b2d9a/fast"
/usr/bin/make -f CMakeFiles/cmTC_b2d9a.dir/build.make CMakeFiles/cmTC_b2d9a.dir/build
make[1]: ingresso nella directory "/home/davide/Scrivania/Ciber/Elaborato_2.1/Ros_pA/OpenIGTLink/build/CMakeFiles/CMakeTmp"
Building C object CMakeFiles/cmTC_b2d9a.dir/CheckSymbolExists.c.o
/usr/bin/cc    -o CMakeFiles/cmTC_b2d9a.dir/CheckSymbolExists.c.o   -c /home/davide/Scrivania/Ciber/Elaborato_2.1/Ros_pA/OpenIGTLink/build/CMakeFiles/CMakeTmp/CheckSymbolExists.c
Linking C executable cmTC_b2d9a
/usr/bin/cmake -E cmake_link_script CMakeFiles/cmTC_b2d9a.dir/link.txt --verbose=1
/usr/bin/cc      -rdynamic CMakeFiles/cmTC_b2d9a.dir/CheckSymbolExists.c.o  -o cmTC_b2d9a 
CMakeFiles/cmTC_b2d9a.dir/CheckSymbolExists.c.o: nella funzione "main":
CheckSymbolExists.c:(.text+0x1b): riferimento non definito a "pthread_create"
collect2: error: ld returned 1 exit status
CMakeFiles/cmTC_b2d9a.dir/build.make:97: recipe for target 'cmTC_b2d9a' failed
make[1]: *** [cmTC_b2d9a] Error 1
make[1]: uscita dalla directory "/home/davide/Scrivania/Ciber/Elaborato_2.1/Ros_pA/OpenIGTLink/build/CMakeFiles/CMakeTmp"
Makefile:126: recipe for target 'cmTC_b2d9a/fast' failed
make: *** [cmTC_b2d9a/fast] Error 2

File /home/davide/Scrivania/Ciber/Elaborato_2.1/Ros_pA/OpenIGTLink/build/CMakeFiles/CMakeTmp/CheckSymbolExists.c:
/* */
#include <pthread.h>

int main(int argc, char** argv)
{
  (void)argv;
#ifndef pthread_create
  return ((int*)(&pthread_create))[argc];
#else
  (void)argc;
  return 0;
#endif
}

Determining if the function pthread_create exists in the pthreads failed with the following output:
Change Dir: /home/davide/Scrivania/Ciber/Elaborato_2.1/Ros_pA/OpenIGTLink/build/CMakeFiles/CMakeTmp

Run Build Command:"/usr/bin/make" "cmTC_68b45/fast"
/usr/bin/make -f CMakeFiles/cmTC_68b45.dir/build.make CMakeFiles/cmTC_68b45.dir/build
make[1]: ingresso nella directory "/home/davide/Scrivania/Ciber/Elaborato_2.1/Ros_pA/OpenIGTLink/build/CMakeFiles/CMakeTmp"
Building C object CMakeFiles/cmTC_68b45.dir/CheckFunctionExists.c.o
/usr/bin/cc   -DCHECK_FUNCTION_EXISTS=pthread_create   -o CMakeFiles/cmTC_68b45.dir/CheckFunctionExists.c.o   -c /usr/share/cmake-3.10/Modules/CheckFunctionExists.c
Linking C executable cmTC_68b45
/usr/bin/cmake -E cmake_link_script CMakeFiles/cmTC_68b45.dir/link.txt --verbose=1
/usr/bin/cc  -DCHECK_FUNCTION_EXISTS=pthread_create    -rdynamic CMakeFiles/cmTC_68b45.dir/CheckFunctionExists.c.o  -o cmTC_68b45 -lpthreads 
/usr/bin/ld: impossibile trovare -lpthreads
collect2: error: ld returned 1 exit status
CMakeFiles/cmTC_68b45.dir/build.make:97: recipe for target 'cmTC_68b45' failed
make[1]: *** [cmTC_68b45] Error 1
make[1]: uscita dalla directory "/home/davide/Scrivania/Ciber/Elaborato_2.1/Ros_pA/OpenIGTLink/build/CMakeFiles/CMakeTmp"
Makefile:126: recipe for target 'cmTC_68b45/fast' failed
make: *** [cmTC_68b45/fast] Error 2


Determining if the function getsockname exists in the socket failed with the following output:
Change Dir: /home/davide/Scrivania/Ciber/Elaborato_2.1/Ros_pA/OpenIGTLink/build/CMakeFiles/CMakeTmp

Run Build Command:"/usr/bin/make" "cmTC_abc18/fast"
/usr/bin/make -f CMakeFiles/cmTC_abc18.dir/build.make CMakeFiles/cmTC_abc18.dir/build
make[1]: ingresso nella directory "/home/davide/Scrivania/Ciber/Elaborato_2.1/Ros_pA/OpenIGTLink/build/CMakeFiles/CMakeTmp"
Building C object CMakeFiles/cmTC_abc18.dir/CheckFunctionExists.c.o
/usr/bin/cc   -DCHECK_FUNCTION_EXISTS=getsockname   -o CMakeFiles/cmTC_abc18.dir/CheckFunctionExists.c.o   -c /usr/share/cmake-3.10/Modules/CheckFunctionExists.c
Linking C executable cmTC_abc18
/usr/bin/cmake -E cmake_link_script CMakeFiles/cmTC_abc18.dir/link.txt --verbose=1
/usr/bin/cc  -DCHECK_FUNCTION_EXISTS=getsockname    -rdynamic CMakeFiles/cmTC_abc18.dir/CheckFunctionExists.c.o  -o cmTC_abc18 -lsocket 
/usr/bin/ld: impossibile trovare -lsocket
collect2: error: ld returned 1 exit status
CMakeFiles/cmTC_abc18.dir/build.make:97: recipe for target 'cmTC_abc18' failed
make[1]: *** [cmTC_abc18] Error 1
make[1]: uscita dalla directory "/home/davide/Scrivania/Ciber/Elaborato_2.1/Ros_pA/OpenIGTLink/build/CMakeFiles/CMakeTmp"
Makefile:126: recipe for target 'cmTC_abc18/fast' failed
make: *** [cmTC_abc18/fast] Error 2


Determining size of __int64 failed with the following output:
Change Dir: /home/davide/Scrivania/Ciber/Elaborato_2.1/Ros_pA/OpenIGTLink/build/CMakeFiles/CMakeTmp

Run Build Command:"/usr/bin/make" "cmTC_0a44a/fast"
/usr/bin/make -f CMakeFiles/cmTC_0a44a.dir/build.make CMakeFiles/cmTC_0a44a.dir/build
make[1]: ingresso nella directory "/home/davide/Scrivania/Ciber/Elaborato_2.1/Ros_pA/OpenIGTLink/build/CMakeFiles/CMakeTmp"
Building C object CMakeFiles/cmTC_0a44a.dir/CMAKE_SIZEOF___INT64.c.o
/usr/bin/cc    -o CMakeFiles/cmTC_0a44a.dir/CMAKE_SIZEOF___INT64.c.o   -c /home/davide/Scrivania/Ciber/Elaborato_2.1/Ros_pA/OpenIGTLink/build/CMakeFiles/CheckTypeSize/CMAKE_SIZEOF___INT64.c
/home/davide/Scrivania/Ciber/Elaborato_2.1/Ros_pA/OpenIGTLink/build/CMakeFiles/CheckTypeSize/CMAKE_SIZEOF___INT64.c:23:22: error: ‘__int64’ undeclared here (not in a function); did you mean ‘__int64_t’?
 #define SIZE (sizeof(__int64))
                      ^
/home/davide/Scrivania/Ciber/Elaborato_2.1/Ros_pA/OpenIGTLink/build/CMakeFiles/CheckTypeSize/CMAKE_SIZEOF___INT64.c:25:12: note: in expansion of macro ‘SIZE’
   ('0' + ((SIZE / 10000)%10)),
            ^~~~
CMakeFiles/cmTC_0a44a.dir/build.make:65: recipe for target 'CMakeFiles/cmTC_0a44a.dir/CMAKE_SIZEOF___INT64.c.o' failed
make[1]: *** [CMakeFiles/cmTC_0a44a.dir/CMAKE_SIZEOF___INT64.c.o] Error 1
make[1]: uscita dalla directory "/home/davide/Scrivania/Ciber/Elaborato_2.1/Ros_pA/OpenIGTLink/build/CMakeFiles/CMakeTmp"
Makefile:126: recipe for target 'cmTC_0a44a/fast' failed
make: *** [cmTC_0a44a/fast] Error 2

/home/davide/Scrivania/Ciber/Elaborato_2.1/Ros_pA/OpenIGTLink/build/CMakeFiles/CheckTypeSize/CMAKE_SIZEOF___INT64.c:
#include <sys/types.h>
#include <stdint.h>
#include <stddef.h>


#undef KEY
#if defined(__i386)
# define KEY '_','_','i','3','8','6'
#elif defined(__x86_64)
# define KEY '_','_','x','8','6','_','6','4'
#elif defined(__ppc__)
# define KEY '_','_','p','p','c','_','_'
#elif defined(__ppc64__)
# define KEY '_','_','p','p','c','6','4','_','_'
#elif defined(__aarch64__)
# define KEY '_','_','a','a','r','c','h','6','4','_','_'
#elif defined(__ARM_ARCH_7A__)
# define KEY '_','_','A','R','M','_','A','R','C','H','_','7','A','_','_'
#elif defined(__ARM_ARCH_7S__)
# define KEY '_','_','A','R','M','_','A','R','C','H','_','7','S','_','_'
#endif

#define SIZE (sizeof(__int64))
char info_size[] =  {'I', 'N', 'F', 'O', ':', 's','i','z','e','[',
  ('0' + ((SIZE / 10000)%10)),
  ('0' + ((SIZE / 1000)%10)),
  ('0' + ((SIZE / 100)%10)),
  ('0' + ((SIZE / 10)%10)),
  ('0' +  (SIZE    % 10)),
  ']',
#ifdef KEY
  ' ','k','e','y','[', KEY, ']',
#endif
  '\0'};

#ifdef __CLASSIC_C__
int main(argc, argv) int argc; char *argv[];
#else
int main(int argc, char *argv[])
#endif
{
  int require = 0;
  require += info_size[argc];
  (void)argv;
  return require;
}


